2018_AndroidConnectivity/3_ble&beacon/04.Becon/_04Becon/build/outputs/logs/manifest-merger-debug-report.txt
-- Merging decision tree log ---
manifest
ADDED from src\main\AndroidManifest.xml:2:1-36:12
INJECTED from src\main\AndroidManifest.xml:2:1-36:12
INJECTED from src\main\AndroidManifest.xml:2:1-36:12
INJECTED from src\main\AndroidManifest.xml:2:1-36:12
MERGED from [:bluetoothLELibrary] AndroidManifest.xml:2:1-18:12
MERGED from [com.android.support:support-v4:23.4.0] AndroidManifest.xml:17:1-24:12
INJECTED from src\main\AndroidManifest.xml:2:1-36:12
INJECTED from src\main\AndroidManifest.xml:2:1-36:12
INJECTED from src\main\AndroidManifest.xml:2:1-36:12
	package
		ADDED from src\main\AndroidManifest.xml:3:5-30
		INJECTED from src\main\AndroidManifest.xml
		INJECTED from src\main\AndroidManifest.xml
	android:versionName
		ADDED from src\main\AndroidManifest.xml:5:5-30
		INJECTED from src\main\AndroidManifest.xml
		INJECTED from src\main\AndroidManifest.xml
	xmlns:android
		ADDED from src\main\AndroidManifest.xml:2:11-69
	android:versionCode
		ADDED from src\main\AndroidManifest.xml:4:5-28
		INJECTED from src\main\AndroidManifest.xml
		INJECTED from src\main\AndroidManifest.xml
uses-sdk
ADDED from src\main\AndroidManifest.xml:7:5-9:41
INJECTED from src\main\AndroidManifest.xml:7:5-9:41
INJECTED from src\main\AndroidManifest.xml:7:5-9:41
MERGED from [:bluetoothLELibrary] AndroidManifest.xml:7:5-9:41
MERGED from [:bluetoothLELibrary] AndroidManifest.xml:7:5-9:41
MERGED from [com.android.support:support-v4:23.4.0] AndroidManifest.xml:20:5-43
MERGED from [com.android.support:support-v4:23.4.0] AndroidManifest.xml:20:5-43
INJECTED from src\main\AndroidManifest.xml:7:5-9:41
INJECTED from src\main\AndroidManifest.xml:7:5-9:41
	android:targetSdkVersion
		ADDED from src\main\AndroidManifest.xml:9:9-38
		INJECTED from src\main\AndroidManifest.xml
		INJECTED from src\main\AndroidManifest.xml
	android:minSdkVersion
		ADDED from src\main\AndroidManifest.xml:8:9-35
		INJECTED from src\main\AndroidManifest.xml
		INJECTED from src\main\AndroidManifest.xml
uses-permission#android.permission.BLUETOOTH_ADMIN
ADDED from src\main\AndroidManifest.xml:11:2-70
	android:name
		ADDED from src\main\AndroidManifest.xml:11:19-68
uses-permission#android.permission.BLUETOOTH
ADDED from src\main\AndroidManifest.xml:12:5-67
	android:name
		ADDED from src\main\AndroidManifest.xml:12:22-65
uses-permission#android.permission.ACCESS_COARSE_LOCATION
ADDED from src\main\AndroidManifest.xml:13:5-80
	android:name
		ADDED from src\main\AndroidManifest.xml:13:22-78
uses-feature#android.hardware.bluetooth.ble
ADDED from src\main\AndroidManifest.xml:14:5-16:35
	android:required
		ADDED from src\main\AndroidManifest.xml:16:9-32
	android:name
		ADDED from src\main\AndroidManifest.xml:15:9-54
uses-feature#android.hardware.bluetooth_le
ADDED from src\main\AndroidManifest.xml:17:6-19:35
	android:required
		ADDED from src\main\AndroidManifest.xml:19:9-32
	android:name
		ADDED from src\main\AndroidManifest.xml:18:9-53
application
ADDED from src\main\AndroidManifest.xml:20:5-34:19
MERGED from [:bluetoothLELibrary] AndroidManifest.xml:11:5-16:19
MERGED from [:bluetoothLELibrary] AndroidManifest.xml:11:5-16:19
MERGED from [com.android.support:support-v4:23.4.0] AndroidManifest.xml:22:5-20
MERGED from [com.android.support:support-v4:23.4.0] AndroidManifest.xml:22:5-20
	android:label
		ADDED from src\main\AndroidManifest.xml:23:9-41
	android:icon
		ADDED from src\main\AndroidManifest.xml:22:9-45
	android:allowBackup
		ADDED from src\main\AndroidManifest.xml:21:9-35
	android:theme
		ADDED from src\main\AndroidManifest.xml:24:9-40
activity#edu.jaen.beacon.MainActivity
ADDED from src\main\AndroidManifest.xml:25:9-33:20
	android:label
		ADDED from src\main\AndroidManifest.xml:27:13-45
	android:name
		ADDED from src\main\AndroidManifest.xml:26:13-41
intent-filter#android.intent.action.MAIN+android.intent.category.LAUNCHER
ADDED from src\main\AndroidManifest.xml:28:13-32:29
action#android.intent.action.MAIN
ADDED from src\main\AndroidManifest.xml:29:17-69
	android:name
		ADDED from src\main\AndroidManifest.xml:29:25-66
category#android.intent.category.LAUNCHER
ADDED from src\main\AndroidManifest.xml:31:17-77
	android:name
		ADDED from src\main\AndroidManifest.xml:31:27-74